  ▲ Next.js 14.2.28
  - Local:        http://localhost:3000
  - Environments: .env
  - Experiments (use with caution):
    · outputFileTracingRoot

 ✓ Starting...
 ✓ Ready in 1453ms
 ○ Compiling / ...
 ✓ Compiled / in 1529ms (723 modules)
 HEAD / 200 in 1744ms
 ✓ Compiled in 376ms (368 modules)
 GET / 200 in 38ms
 GET / 200 in 32ms
 GET / 200 in 26ms
 GET / 200 in 26ms
 GET / 200 in 27ms
 GET / 200 in 24ms
 GET / 200 in 24ms
 GET / 200 in 25ms
 GET / 200 in 26ms
 GET / 200 in 25ms
 GET / 200 in 23ms
 GET / 200 in 24ms
 GET / 200 in 23ms
 GET / 200 in 23ms
 GET / 200 in 26ms
 ✓ Compiled in 488ms (723 modules)
 ✓ Compiled in 395ms (723 modules)
 ✓ Compiled in 518ms (733 modules)
 ✓ Compiled in 384ms (733 modules)
 ✓ Compiled in 290ms (733 modules)
 ✓ Compiled in 347ms (733 modules)
 ✓ Compiled in 338ms (733 modules)
 ✓ Compiled in 397ms (733 modules)
 ✓ Compiled in 631ms (739 modules)
 ✓ Compiled in 348ms (739 modules)
 ✓ Compiled in 310ms (739 modules)
 ✓ Compiled in 613ms (745 modules)
 ✓ Compiled in 423ms (745 modules)
 ✓ Compiled in 209ms (379 modules)
 ✓ Compiled in 281ms (745 modules)
 ✓ Compiled in 597ms (745 modules)
 ✓ Compiled in 1038ms (745 modules)
 ✓ Compiled in 757ms (749 modules)
 ✓ Compiled in 337ms (749 modules)
 ✓ Compiled in 278ms (749 modules)
 ✓ Compiled in 393ms (749 modules)
 ✓ Compiled in 379ms (749 modules)
[?25h
